<?xml version="1.0" encoding="UTF-8"?>
<!-- Generated by org.testng.reporters.JUnitReportReporter -->
<testsuite skipped="0" hostname="DESKTOP-PI222IH" name="com.training.sanity.tests.MAddCategoryTest" tests="1" failures="0" timestamp="02 Feb 2020 17:04:13 GMT" time="7.854" errors="0">
  <testcase name="addCategoryTest" time="7.854" classname="com.training.sanity.tests.MAddCategoryTest"/>
</testsuite> <!-- com.training.sanity.tests.MAddCategoryTest -->
