<?xml version="1.0" encoding="UTF-8"?>
<!-- Generated by org.testng.reporters.JUnitReportReporter -->
<testsuite skipped="0" hostname="DESKTOP-PI222IH" name="com.training.sanity.tests.AdminLoginTest" tests="1" failures="0" timestamp="31 Jan 2020 16:15:29 GMT" time="17.568" errors="0">
  <testcase name="validAdminLoginTest" time="17.568" classname="com.training.sanity.tests.AdminLoginTest"/>
</testsuite> <!-- com.training.sanity.tests.AdminLoginTest -->
