<?xml version="1.0" encoding="UTF-8"?>
<!-- Generated by org.testng.reporters.JUnitReportReporter -->
<testsuite skipped="0" hostname="DESKTOP-PI222IH" name="com.training.sanity.tests.RemoveCartTest" tests="1" failures="0" timestamp="31 Jan 2020 16:08:01 GMT" time="23.161" errors="0">
  <testcase name="viewCart" time="23.161" classname="com.training.sanity.tests.RemoveCartTest"/>
</testsuite> <!-- com.training.sanity.tests.RemoveCartTest -->
