<?xml version="1.0" encoding="UTF-8"?>
<!-- Generated by org.testng.reporters.JUnitReportReporter -->
<testsuite skipped="0" hostname="DESKTOP-PI222IH" name="com.training.sanity.tests.PasswordUpdateTests" tests="1" failures="0" timestamp="31 Jan 2020 16:16:10 GMT" time="7.081" errors="0">
  <testcase name="ChangePassword" time="7.081" classname="com.training.sanity.tests.PasswordUpdateTests"/>
</testsuite> <!-- com.training.sanity.tests.PasswordUpdateTests -->
