<?xml version="1.0" encoding="UTF-8"?>
<!-- Generated by org.testng.reporters.JUnitReportReporter -->
<testsuite skipped="0" hostname="DESKTOP-PI222IH" name="com.training.sanity.tests.PasswordMisMatchTest" tests="1" failures="0" timestamp="31 Jan 2020 16:11:44 GMT" time="27.320" errors="0">
  <testcase name="PasswordMismatch" time="27.320" classname="com.training.sanity.tests.PasswordMisMatchTest"/>
</testsuite> <!-- com.training.sanity.tests.PasswordMisMatchTest -->
