<?xml version="1.0" encoding="UTF-8"?>
<!-- Generated by org.testng.reporters.JUnitReportReporter -->
<testsuite skipped="0" hostname="DESKTOP-PI222IH" name="com.training.sanity.tests.ViewCartTest" tests="1" failures="0" timestamp="01 Feb 2020 09:29:13 GMT" time="11.538" errors="0">
  <testcase name="viewCart" time="11.538" classname="com.training.sanity.tests.ViewCartTest"/>
</testsuite> <!-- com.training.sanity.tests.ViewCartTest -->
