<?xml version="1.0" encoding="UTF-8"?>
<!-- Generated by org.testng.reporters.JUnitReportReporter -->
<testsuite skipped="0" hostname="DESKTOP-PI222IH" name="com.training.sanity.tests.MReturnOrderedProductTest" tests="1" failures="0" timestamp="02 Feb 2020 07:11:19 GMT" time="14.655" errors="0">
  <testcase name="returnOrderedProduct" time="14.655" classname="com.training.sanity.tests.MReturnOrderedProductTest"/>
</testsuite> <!-- com.training.sanity.tests.MReturnOrderedProductTest -->
