<?xml version="1.0" encoding="UTF-8"?>
<!-- Generated by org.testng.reporters.JUnitReportReporter -->
<testsuite skipped="0" hostname="DESKTOP-PI222IH" name="com.training.sanity.tests.MAdminInvalidloginTest" tests="1" failures="0" timestamp="02 Feb 2020 07:35:21 GMT" time="1.384" errors="0">
  <testcase name="MAdminInvalidLoginTest" time="1.384" classname="com.training.sanity.tests.MAdminInvalidloginTest"/>
</testsuite> <!-- com.training.sanity.tests.MAdminInvalidloginTest -->
