<?xml version="1.0" encoding="UTF-8"?>
<!-- Generated by org.testng.reporters.JUnitReportReporter -->
<testsuite skipped="0" hostname="DESKTOP-PI222IH" name="com.training.sanity.tests.LoginTests" tests="1" failures="0" timestamp="24 Jan 2020 12:07:37 GMT" time="9.041" errors="0">
  <testcase name="validLoginTest" time="9.041" classname="com.training.sanity.tests.LoginTests"/>
</testsuite> <!-- com.training.sanity.tests.LoginTests -->
