<?xml version="1.0" encoding="UTF-8"?>
<!-- Generated by org.testng.reporters.JUnitReportReporter -->
<testsuite skipped="0" hostname="DESKTOP-PI222IH" name="com.training.sanity.tests.MEditSaveTest" tests="1" failures="0" timestamp="02 Feb 2020 17:02:30 GMT" time="7.521" errors="0">
  <testcase name="editSaveTest" time="7.521" classname="com.training.sanity.tests.MEditSaveTest"/>
</testsuite> <!-- com.training.sanity.tests.MEditSaveTest -->
